<html>
<body>
<pre>
<h1>Vision Build Log</h1>
<h2>Tool Versions:</h2>
IDE-Version: μVision V5.18.0.0
Copyright (C) 2016 ARM Ltd and ARM Germany GmbH. All rights reserved.
License Information: z z, z, LIC=50D7S-L4PH6-5BEEB-2V6W2-DZAPS-6AWYG
 
Tool Versions:
Toolchain:       MDK-ARM Professional  Version: 5.18
Toolchain Path:  D:\Program Files\Keil_v5\ARM\ARMCC\Bin
C Compiler:      Armcc.exe V5.06 update 1 (build 61)
Assembler:       Armasm.exe V5.06 update 1 (build 61)
Linker/Locator:  ArmLink.exe V5.06 update 1 (build 61)
Library Manager: ArmAr.exe V5.06 update 1 (build 61)
Hex Converter:   FromElf.exe V5.06 update 1 (build 61)
CPU DLL:         SARMCM3.DLL V5.18
Dialog DLL:      DCM.DLL V1.13.6.0
Target DLL:      CMSIS_AGDI.dll V1.25.7.0
Dialog DLL:      TCM.DLL V1.14.8.0
 
<h2>Project:</h2>
D:\Documents\KeTi\Arm-32\ArmCetui\ARM_CeTui_1\ARMCetui\MDK-ARM\ARMCetui.uvprojx
Project File Date:  05/31/2024

<h2>Output:</h2>
*** Using Compiler 'V5.06 update 1 (build 61)', folder: 'D:\Program Files\Keil_v5\ARM\ARMCC\Bin'
Rebuild target 'ARMCetui'
assembling startup_stm32f407xx.s...
compiling pid.c...
../Core/Inc/motor_control.h(7): error:  #20: identifier "pid_t" is undefined
      pid_t *pid;                        // PID ???平峁???指?? ?峁???指??
../Core/Inc/motor_control.h(22): error:  #20: identifier "pid_t" is undefined
  void motor_init(motor_t *motor, TIM_HandleTypeDef *encoder_timer, pid_t *pid, 
..\Core\Src\pid.c: 0 warnings, 2 errors
compiling motor_control.c...
..\Core\Src\motor_control.c(21): warning:  #550-D: variable "_get" was set but never used
      static int _get = 0; // 实??转动?嵌?
..\Core\Src\motor_control.c(173): warning:  #181-D: argument is incompatible with corresponding format string conversion
  			printf("%4d%4d%5d%7d%4.1f%4d\r\n",_set,_get,
_HAL_TIM_GET_COUNTER(&Big_Encoder_htim),con_val,g_bigEncoderOverflowCount );
..\Core\Src\motor_control.c(173): warning:  #224-D: the format string requires additional arguments
  			printf("%4d%4d%5d%7d%4.1f%4d\r\n",_set,_get,
_HAL_TIM_GET_COUNTER(&Big_Encoder_htim),con_val,g_bigEncoderOverflowCount );
..\Core\Src\motor_control.c(219): warning:  #181-D: argument is incompatible with corresponding format string conversion
  			printf("%4d%4d%10d%10d%4.1f%4d\r\n",_set,_get,
_HAL_TIM_GET_COUNTER(&Small_Encoder_htim),con_val,g_smallEncoderOverflowCount);
..\Core\Src\motor_control.c(219): warning:  #224-D: the format string requires additional arguments
  			printf("%4d%4d%10d%10d%4.1f%4d\r\n",_set,_get,
_HAL_TIM_GET_COUNTER(&Small_Encoder_htim),con_val,g_smallEncoderOverflowCount);
..\Core\Src\motor_control.c: 5 warnings, 0 errors
compiling App.c...
compiling tim_init.c...
compiling dma.c...
compiling gpio.c...
compiling tim.c...
compiling uart_init.c...
compiling protocol.c...
compiling main.c...
compiling usart.c...
compiling stm32f4xx_it.c...
compiling stm32f4xx_hal_msp.c...
compiling stm32f4xx_hal_flash_ramfunc.c...
compiling stm32f4xx_hal_flash_ex.c...
compiling stm32f4xx_hal_tim_ex.c...
compiling stm32f4xx_hal_rcc.c...
compiling stm32f4xx_hal_flash.c...
compiling stm32f4xx_hal_rcc_ex.c...
compiling stm32f4xx_hal_gpio.c...
compiling stm32f4xx_hal_dma.c...
compiling stm32f4xx_hal_tim.c...
compiling stm32f4xx_hal_dma_ex.c...
compiling stm32f4xx_hal_pwr.c...
compiling stm32f4xx_hal_pwr_ex.c...
compiling system_stm32f4xx.c...
compiling stm32f4xx_hal.c...
compiling stm32f4xx_hal_exti.c...
compiling stm32f4xx_hal_cortex.c...
compiling stm32f4xx_hal_uart.c...
"ARMCetui\ARMCetui.axf" - 2 Error(s), 5 Warning(s).

<h2>Software Packages used:</h2>

Package Vendor: ARM
                http://www.keil.com/pack/ARM.CMSIS.4.5.0.pack
                ARM::CMSIS:CORE:4.3.0
                CMSIS (Cortex Microcontroller Software Interface Standard)
   * Component: CORE Version: 4.3.0

<h2>Collection of Component include folders:</h2>
  D:\Documents\KeTi\Arm-32\ArmCetui\ARM_CeTui_1\ARMCetui\MDK-ARM\RTE
  D:\Program Files\Keil_v5\ARM\PACK\ARM\CMSIS\4.5.0\CMSIS\Include
  D:\Program Files\Keil_v5\ARM\PACK\Keil\STM32F4xx_DFP\2.15.0\Drivers\CMSIS\Device\ST\STM32F4xx\Include

<h2>Collection of Component Files used:</h2>

   * Component: ARM::CMSIS:CORE:4.3.0
Target not created.
Build Time Elapsed:  00:00:10
</pre>
</body>
</html>
